2024-02-18T12:01:08.477Z [ERROR] {"name":"JsonWebTokenError","message":"jwt must be provided"} (Error Path: /api/friends?status=pending&page=1)
2024-02-18T11:59:02.963Z [ERROR] {"name":"JsonWebTokenError","message":"jwt must be provided"} (Error Path: /api/friends?status=pending&page=1)
2024-02-18T11:05:26.722Z [ERROR] {} (Error Path: /api/questions/sub-category/?page=1&limit=15)
2024-02-18T11:05:22.530Z [ERROR] {} (Error Path: /api/questions/sub-category/?page=1&limit=15)
2024-02-18T11:05:16.799Z [ERROR] {} (Error Path: /api/questions/sub-category/?page=1&limit=15)
2024-02-18T11:00:38.731Z [ERROR] {"name":"JsonWebTokenError","message":"jwt must be provided"} (Error Path: /api/friends?status=pending&page=1)
2024-02-18T11:00:05.728Z [ERROR] {"name":"JsonWebTokenError","message":"jwt must be provided"} (Error Path: /api/friends?status=pending&page=1)
2024-02-18T10:59:45.961Z [ERROR] {} (Error Path: /api/questions/sub-category/?page=1&limit=15)
2024-02-18T10:59:40.419Z [ERROR] {} (Error Path: /api/questions/sub-category/?page=1&limit=15)
2024-02-18T10:59:23.427Z [ERROR] {"name":"JsonWebTokenError","message":"jwt must be provided"} (Error Path: /api/users/profile-details/65cde4e7294393c969cff431)
2024-02-18T10:58:16.707Z [ERROR] {} (Error Path: /api/users/forget/password)
2024-02-18T10:58:06.624Z [ERROR] {} (Error Path: /api/users/signin)
2024-02-18T10:58:00.728Z [ERROR] {} (Error Path: /api/users/signin)
2024-02-18T10:57:41.162Z [ERROR] {} (Error Path: /api/users/signin)
2024-02-18T10:57:05.380Z [ERROR] {} (Error Path: /api/users/signin)
2024-02-18T10:56:32.876Z [ERROR] {} (Error Path: /api/users/signin)
2024-02-18T10:39:34.462Z [ERROR] {} (Error Path: /api/friends/65d19c1530e45a3a698cb48a)
2024-02-18T10:39:05.886Z [ERROR] {} (Error Path: /api/friends/65d19c1530e45a3a698cb48a)
2024-02-18T10:29:58.929Z [ERROR] {} (Error Path: /kobir)
2024-02-18T10:16:23.160Z [ERROR] {"name":"JsonWebTokenError","message":"jwt malformed"} (Error Path: /api/friends?status=pending)
2024-02-18T10:13:44.984Z [ERROR] {} (Error Path: /uploads/flags/mali.png)
2024-02-18T10:13:44.982Z [ERROR] {} (Error Path: /uploads/flags/togo.png)
2024-02-18T10:13:44.980Z [ERROR] {} (Error Path: /uploads/flags/benin.png)
2024-02-18T10:13:44.978Z [ERROR] {} (Error Path: /uploads/flags/burkina-faso.png)
2024-02-18T10:13:44.976Z [ERROR] {} (Error Path: /uploads/flags/ivory-coast.png)
2024-02-18T10:13:44.974Z [ERROR] {} (Error Path: /uploads/flags/senegal.png)
2024-02-18T10:13:42.868Z [ERROR] {} (Error Path: /uploads/flags/mali.png)
2024-02-18T10:13:42.867Z [ERROR] {} (Error Path: /uploads/flags/ivory-coast.png)
2024-02-18T10:13:42.865Z [ERROR] {} (Error Path: /uploads/flags/burkina-faso.png)
2024-02-18T10:13:42.863Z [ERROR] {} (Error Path: /uploads/flags/benin.png)
2024-02-18T10:13:42.862Z [ERROR] {} (Error Path: /uploads/flags/senegal.png)
2024-02-18T10:13:42.860Z [ERROR] {} (Error Path: /uploads/flags/togo.png)
2024-02-18T10:13:41.084Z [ERROR] {} (Error Path: /uploads/flags/mali.png)
2024-02-18T10:13:41.082Z [ERROR] {} (Error Path: /uploads/flags/togo.png)
2024-02-18T10:13:41.081Z [ERROR] {} (Error Path: /uploads/flags/burkina-faso.png)
2024-02-18T10:13:41.079Z [ERROR] {} (Error Path: /uploads/flags/ivory-coast.png)
2024-02-18T10:13:41.076Z [ERROR] {} (Error Path: /uploads/flags/senegal.png)
2024-02-18T10:13:41.074Z [ERROR] {} (Error Path: /uploads/flags/benin.png)
2024-02-18T10:13:38.115Z [ERROR] {} (Error Path: /uploads/flags/burkina-faso.png)
2024-02-18T10:13:38.113Z [ERROR] {} (Error Path: /uploads/flags/ivory-coast.png)
2024-02-18T10:13:38.111Z [ERROR] {} (Error Path: /uploads/flags/benin.png)
2024-02-18T10:13:38.110Z [ERROR] {} (Error Path: /uploads/flags/senegal.png)
2024-02-18T10:13:38.109Z [ERROR] {} (Error Path: /uploads/flags/togo.png)
2024-02-18T10:13:38.106Z [ERROR] {} (Error Path: /uploads/flags/mali.png)
2024-02-18T10:13:30.876Z [ERROR] {} (Error Path: /uploads/flags/mali.png)
2024-02-18T10:13:30.872Z [ERROR] {} (Error Path: /uploads/flags/togo.png)
2024-02-18T10:13:30.870Z [ERROR] {} (Error Path: /uploads/flags/benin.png)
2024-02-18T10:13:30.869Z [ERROR] {} (Error Path: /uploads/flags/burkina-faso.png)
2024-02-18T10:13:30.867Z [ERROR] {} (Error Path: /uploads/flags/ivory-coast.png)
2024-02-18T10:13:30.865Z [ERROR] {} (Error Path: /uploads/flags/senegal.png)
2024-02-18T10:13:28.213Z [ERROR] {} (Error Path: /uploads/flags/togo.png)
2024-02-18T10:13:28.210Z [ERROR] {} (Error Path: /uploads/flags/mali.png)
2024-02-18T10:13:28.208Z [ERROR] {} (Error Path: /uploads/flags/senegal.png)
2024-02-18T10:13:28.206Z [ERROR] {} (Error Path: /uploads/flags/burkina-faso.png)
2024-02-18T10:13:28.204Z [ERROR] {} (Error Path: /uploads/flags/ivory-coast.png)
2024-02-18T10:13:28.201Z [ERROR] {} (Error Path: /uploads/flags/benin.png)
2024-02-18T10:12:39.569Z [ERROR] {} (Error Path: /uploads/flags/togo.png)
2024-02-18T10:12:39.566Z [ERROR] {} (Error Path: /uploads/flags/mali.png)
2024-02-18T10:12:39.564Z [ERROR] {} (Error Path: /uploads/flags/senegal.png)
2024-02-18T10:12:39.562Z [ERROR] {} (Error Path: /uploads/flags/burkina-faso.png)
2024-02-18T10:12:39.559Z [ERROR] {} (Error Path: /uploads/flags/ivory-coast.png)
2024-02-18T10:12:39.556Z [ERROR] {} (Error Path: /uploads/flags/benin.png)
2024-02-18T10:12:37.016Z [ERROR] {} (Error Path: /uploads/flags/togo.png)
2024-02-18T10:12:36.998Z [ERROR] {} (Error Path: /uploads/flags/mali.png)
2024-02-18T10:12:36.992Z [ERROR] {} (Error Path: /uploads/flags/senegal.png)
2024-02-18T10:12:36.986Z [ERROR] {} (Error Path: /uploads/flags/burkina-faso.png)
2024-02-18T10:12:36.983Z [ERROR] {} (Error Path: /uploads/flags/ivory-coast.png)
2024-02-18T10:12:36.977Z [ERROR] {} (Error Path: /uploads/flags/benin.png)
2024-02-18T10:12:11.850Z [ERROR] {} (Error Path: /uploads/flags/burkina-faso.png)
2024-02-18T10:12:11.849Z [ERROR] {} (Error Path: /uploads/flags/togo.png)
2024-02-18T10:12:11.837Z [ERROR] {} (Error Path: /uploads/flags/ivory-coast.png)
2024-02-18T10:12:11.832Z [ERROR] {} (Error Path: /uploads/flags/senegal.png)
2024-02-18T10:12:11.829Z [ERROR] {} (Error Path: /uploads/flags/benin.png)
2024-02-18T10:12:11.824Z [ERROR] {} (Error Path: /uploads/flags/mali.png)
2024-02-18T10:12:04.963Z [ERROR] {} (Error Path: /uploads/flags/burkina-faso.png)
2024-02-18T10:12:04.960Z [ERROR] {} (Error Path: /uploads/flags/togo.png)
2024-02-18T10:12:04.956Z [ERROR] {} (Error Path: /uploads/flags/mali.png)
2024-02-18T10:12:04.953Z [ERROR] {} (Error Path: /uploads/flags/benin.png)
2024-02-18T10:12:04.951Z [ERROR] {} (Error Path: /uploads/flags/senegal.png)
2024-02-18T10:12:04.945Z [ERROR] {} (Error Path: /uploads/flags/ivory-coast.png)
2024-02-18T10:12:00.725Z [ERROR] {} (Error Path: /uploads/flags/togo.png)
2024-02-18T10:12:00.723Z [ERROR] {} (Error Path: /uploads/flags/benin.png)
2024-02-18T10:12:00.722Z [ERROR] {} (Error Path: /uploads/flags/burkina-faso.png)
2024-02-18T10:12:00.720Z [ERROR] {} (Error Path: /uploads/flags/ivory-coast.png)
2024-02-18T10:12:00.718Z [ERROR] {} (Error Path: /uploads/flags/senegal.png)
2024-02-18T10:12:00.713Z [ERROR] {} (Error Path: /uploads/flags/mali.png)
2024-02-18T10:06:18.425Z [ERROR] {} (Error Path: /api/users/signin)
2024-02-18T08:54:54.656Z [ERROR] {} (Error Path: /api/users/)
2024-02-18T08:53:24.502Z [ERROR] {} (Error Path: /api/users/)
2024-02-18T08:36:46.862Z [ERROR] {} (Error Path: /65cdfaea14dd5e651e5ce549)
2024-02-18T08:36:46.860Z [ERROR] {} (Error Path: /65cdfa0614dd5e651e5ce531)
2024-02-18T08:36:06.809Z [ERROR] {} (Error Path: /65cdfa0614dd5e651e5ce531)
2024-02-18T08:36:06.806Z [ERROR] {} (Error Path: /65cdfaea14dd5e651e5ce549)
2024-02-18T08:35:18.222Z [ERROR] {} (Error Path: /65cde4e7294393c969cff431)
2024-02-18T08:35:18.178Z [ERROR] {} (Error Path: /65cde4e7294393c969cff431)
2024-02-18T08:35:10.728Z [ERROR] {} (Error Path: /65cdfa0614dd5e651e5ce531)
2024-02-18T08:35:10.725Z [ERROR] {} (Error Path: /65cdfaea14dd5e651e5ce549)
2024-02-18T07:05:57.702Z [ERROR] {} (Error Path: /api/questions/65cdfaea14dd5e651e5ce549)
2024-02-18T06:31:44.988Z [ERROR] Class constructor ObjectId cannot be invoked without 'new' (Error Path: /api/friends?status=pending)
2024-02-18T06:31:21.751Z [ERROR] Class constructor ObjectId cannot be invoked without 'new' (Error Path: /api/friends?status=pending)
2024-02-18T05:44:26.679Z [ERROR] {} (Error Path: /users/65c4ae21fc1cba209aa644b7)
2024-02-18T05:10:50.125Z [ERROR] {"name":"JsonWebTokenError","message":"jwt malformed"} (Error Path: /api/friends?status=pending)
2024-02-18T05:07:44.682Z [ERROR] {} (Error Path: /api/notifications)
2024-02-17T12:46:38.458Z [ERROR] {"name":"JsonWebTokenError","message":"jwt must be provided"} (Error Path: /api/discussions/reply)
2024-02-17T12:45:11.682Z [ERROR] {"name":"JsonWebTokenError","message":"jwt must be provided"} (Error Path: /api/discussions/reply)
2024-02-17T12:40:53.166Z [ERROR] {"name":"JsonWebTokenError","message":"jwt malformed"} (Error Path: /api/discussions/reply)
2024-02-17T12:13:33.374Z [ERROR] {} (Error Path: /api/discussions?page=1)
2024-02-17T12:12:24.919Z [ERROR] {} (Error Path: /api/discussions?page=1)
2024-02-17T12:11:15.165Z [ERROR] {} (Error Path: /api/discussions/?page=1)
2024-02-17T12:10:13.536Z [ERROR] {} (Error Path: /api/discussions/?page=1)
